[0.149s] Invoking command in '/mnt/d/ITB/SEMESTER 2/Project/SEKURO/SEKURO_TUGAS_1_IhsanFadhlihAkbar_PROGRAMMING/src/ros_soal_1/ros2_ws/build/Pemadam': CMAKE_PREFIX_PATH=/opt/ros/humble /usr/bin/cmake /mnt/d/ITB/SEMESTER 2/Project/SEKURO/SEKURO_TUGAS_1_IhsanFadhlihAkbar_PROGRAMMING/src/ros_soal_1/ros2_ws/src/Pemadam -DCMAKE_INSTALL_PREFIX=/mnt/d/ITB/SEMESTER 2/Project/SEKURO/SEKURO_TUGAS_1_IhsanFadhlihAkbar_PROGRAMMING/src/ros_soal_1/ros2_ws/install/Pemadam
[1.129s] -- The C compiler identification is GNU 11.4.0
[2.858s] -- The CXX compiler identification is GNU 11.4.0
[3.806s] -- Detecting C compiler ABI info
[4.782s] -- Detecting C compiler ABI info - done
[4.813s] -- Check for working C compiler: /usr/bin/cc - skipped
[4.814s] -- Detecting C compile features
[4.815s] -- Detecting C compile features - done
[4.878s] -- Detecting CXX compiler ABI info
[5.642s] -- Detecting CXX compiler ABI info - done
[5.674s] -- Check for working CXX compiler: /usr/bin/c++ - skipped
[5.675s] -- Detecting CXX compile features
[5.677s] -- Detecting CXX compile features - done
[5.748s] -- Found ament_cmake: 1.3.14 (/opt/ros/humble/share/ament_cmake/cmake)
[5.945s] -- Found Python3: /usr/bin/python3 (found version "3.10.12") found components: Interpreter 
[6.203s] -- Found rclcpp: 16.0.18 (/opt/ros/humble/share/rclcpp/cmake)
[6.461s] -- Found rosidl_generator_c: 3.1.8 (/opt/ros/humble/share/rosidl_generator_c/cmake)
[6.471s] -- Found rosidl_adapter: 3.1.8 (/opt/ros/humble/share/rosidl_adapter/cmake)
[6.489s] -- Found rosidl_generator_cpp: 3.1.8 (/opt/ros/humble/share/rosidl_generator_cpp/cmake)
[6.518s] -- Using all available rosidl_typesupport_c: rosidl_typesupport_fastrtps_c;rosidl_typesupport_introspection_c
[6.545s] -- Using all available rosidl_typesupport_cpp: rosidl_typesupport_fastrtps_cpp;rosidl_typesupport_introspection_cpp
[6.620s] -- Found rmw_implementation_cmake: 6.1.2 (/opt/ros/humble/share/rmw_implementation_cmake/cmake)
[6.626s] -- Found rmw_fastrtps_cpp: 6.2.10 (/opt/ros/humble/share/rmw_fastrtps_cpp/cmake)
[8.648s] -- Found OpenSSL: /usr/lib/x86_64-linux-gnu/libcrypto.so (found version "3.0.2")  
[10.793s] -- Found FastRTPS: /opt/ros/humble/include  
[14.449s] -- Using RMW implementation 'rmw_fastrtps_cpp' as default
[14.510s] -- Looking for pthread.h
[15.303s] -- Looking for pthread.h - found
[15.325s] -- Performing Test CMAKE_HAVE_LIBC_PTHREAD
[16.079s] -- Performing Test CMAKE_HAVE_LIBC_PTHREAD - Success
[16.087s] -- Found Threads: TRUE  
[16.169s] -- Found ament_lint_auto: 0.12.15 (/opt/ros/humble/share/ament_lint_auto/cmake)
[16.335s] WARNING: Package name "Pemadam" does not follow the naming conventions. It should start with a lower case letter and only contain lower case letters, digits, underscores, and dashes.
[16.955s] -- Added test 'cppcheck' to perform static code analysis on C / C++ code
[16.956s] -- Configured cppcheck include dirs: 
[16.957s] -- Configured cppcheck exclude dirs and/or files: 
[17.085s] -- Added test 'lint_cmake' to check CMake code style
[17.437s] -- Added test 'uncrustify' to check C / C++ code style
[17.438s] -- Configured uncrustify additional arguments: 
[17.477s] -- Added test 'xmllint' to check XML markup files
[17.611s] -- Configuring done
[17.717s] [31mCMake Error at CMakeLists.txt:25 (add_executable):
[17.718s]   Cannot find source file:
[17.719s] 
[17.720s]     src/fire_detector.cpp
[17.722s] 
[17.722s]   Tried extensions .c .C .c++ .cc .cpp .cxx .cu .mpp .m .M .mm .ixx .cppm .h
[17.723s]   .hh .h++ .hm .hpp .hxx .in .txx .f .F .for .f77 .f90 .f95 .f03 .hip .ispc
[17.724s] 
[17.725s] [0m
[17.778s] [31mCMake Error at CMakeLists.txt:28 (add_executable):
[17.779s]   Cannot find source file:
[17.780s] 
[17.781s]     src/fire_truck.cpp
[17.782s] 
[17.782s]   Tried extensions .c .C .c++ .cc .cpp .cxx .cu .mpp .m .M .mm .ixx .cppm .h
[17.783s]   .hh .h++ .hm .hpp .hxx .in .txx .f .F .for .f77 .f90 .f95 .f03 .hip .ispc
[17.784s] 
[17.785s] [0m
[17.786s] [31mCMake Error at CMakeLists.txt:25 (add_executable):
[17.787s]   No SOURCES given to target: fire_detector_node
[17.788s] 
[17.789s] [0m
[17.790s] [31mCMake Error at CMakeLists.txt:28 (add_executable):
[17.791s]   No SOURCES given to target: fire_truck_node
[17.792s] 
[17.792s] [0m
[17.793s] [0mCMake Generate step failed.  Build files cannot be regenerated correctly.[0m
[17.797s] Invoked command in '/mnt/d/ITB/SEMESTER 2/Project/SEKURO/SEKURO_TUGAS_1_IhsanFadhlihAkbar_PROGRAMMING/src/ros_soal_1/ros2_ws/build/Pemadam' returned '1': CMAKE_PREFIX_PATH=/opt/ros/humble /usr/bin/cmake /mnt/d/ITB/SEMESTER 2/Project/SEKURO/SEKURO_TUGAS_1_IhsanFadhlihAkbar_PROGRAMMING/src/ros_soal_1/ros2_ws/src/Pemadam -DCMAKE_INSTALL_PREFIX=/mnt/d/ITB/SEMESTER 2/Project/SEKURO/SEKURO_TUGAS_1_IhsanFadhlihAkbar_PROGRAMMING/src/ros_soal_1/ros2_ws/install/Pemadam
