[0.669s] DEBUG:colcon:Command line arguments: ['/usr/bin/colcon', 'build']
[0.670s] DEBUG:colcon:Parsed command line arguments: Namespace(log_base=None, log_level=None, verb_name='build', build_base='build', install_base='install', merge_install=False, symlink_install=False, test_result_base=None, continue_on_error=False, executor='parallel', parallel_workers=12, event_handlers=None, ignore_user_meta=False, metas=['./colcon.meta'], base_paths=['.'], packages_ignore=None, packages_ignore_regex=None, paths=None, packages_up_to=None, packages_up_to_regex=None, packages_above=None, packages_above_and_dependencies=None, packages_above_depth=None, packages_select_by_dep=None, packages_skip_by_dep=None, packages_skip_up_to=None, packages_select_build_failed=False, packages_skip_build_finished=False, packages_select_test_failures=False, packages_skip_test_passed=False, packages_select=None, packages_skip=None, packages_select_regex=None, packages_skip_regex=None, packages_start=None, packages_end=None, allow_overriding=[], cmake_args=None, cmake_target=None, cmake_target_skip_unavailable=False, cmake_clean_cache=False, cmake_clean_first=False, cmake_force_configure=False, ament_cmake_args=None, catkin_cmake_args=None, catkin_skip_building_tests=False, verb_parser=<colcon_defaults.argument_parser.defaults.DefaultArgumentsDecorator object at 0x7c857ec32f50>, verb_extension=<colcon_core.verb.build.BuildVerb object at 0x7c857ed5ba90>, main=<bound method BuildVerb.main of <colcon_core.verb.build.BuildVerb object at 0x7c857ed5ba90>>)
[1.319s] Level 1:colcon.colcon_core.package_discovery:discover_packages(colcon_meta) check parameters
[1.320s] Level 1:colcon.colcon_core.package_discovery:discover_packages(recursive) check parameters
[1.321s] Level 1:colcon.colcon_core.package_discovery:discover_packages(ignore) check parameters
[1.321s] Level 1:colcon.colcon_core.package_discovery:discover_packages(path) check parameters
[1.322s] Level 1:colcon.colcon_core.package_discovery:discover_packages(colcon_meta) discover
[1.322s] Level 1:colcon.colcon_core.package_discovery:discover_packages(recursive) discover
[1.323s] INFO:colcon.colcon_core.package_discovery:Crawling recursively for packages in '/mnt/d/ITB/SEMESTER 2/Project/SEKURO/SEKURO_TUGAS_1_IhsanFadhlihAkbar_PROGRAMMING/src/ros_soal_1/ros2_ws'
[1.326s] Level 1:colcon.colcon_core.package_identification:_identify(.) by extensions ['ignore', 'ignore_ament_install']
[1.327s] Level 1:colcon.colcon_core.package_identification:_identify(.) by extension 'ignore'
[1.327s] Level 1:colcon.colcon_core.package_identification:_identify(.) by extension 'ignore_ament_install'
[1.329s] Level 1:colcon.colcon_core.package_identification:_identify(.) by extensions ['colcon_pkg']
[1.329s] Level 1:colcon.colcon_core.package_identification:_identify(.) by extension 'colcon_pkg'
[1.330s] Level 1:colcon.colcon_core.package_identification:_identify(.) by extensions ['colcon_meta']
[1.331s] Level 1:colcon.colcon_core.package_identification:_identify(.) by extension 'colcon_meta'
[1.331s] Level 1:colcon.colcon_core.package_identification:_identify(.) by extensions ['ros']
[1.332s] Level 1:colcon.colcon_core.package_identification:_identify(.) by extension 'ros'
[1.359s] Level 1:colcon.colcon_core.package_identification:_identify(.) by extensions ['cmake', 'python']
[1.360s] Level 1:colcon.colcon_core.package_identification:_identify(.) by extension 'cmake'
[1.361s] Level 1:colcon.colcon_core.package_identification:_identify(.) by extension 'python'
[1.362s] Level 1:colcon.colcon_core.package_identification:_identify(.) by extensions ['python_setup_py']
[1.362s] Level 1:colcon.colcon_core.package_identification:_identify(.) by extension 'python_setup_py'
[1.368s] Level 1:colcon.colcon_core.package_identification:_identify(build) by extensions ['ignore', 'ignore_ament_install']
[1.368s] Level 1:colcon.colcon_core.package_identification:_identify(build) by extension 'ignore'
[1.371s] Level 1:colcon.colcon_core.package_identification:_identify(build) ignored
[1.377s] Level 1:colcon.colcon_core.package_identification:_identify(install) by extensions ['ignore', 'ignore_ament_install']
[1.378s] Level 1:colcon.colcon_core.package_identification:_identify(install) by extension 'ignore'
[1.381s] Level 1:colcon.colcon_core.package_identification:_identify(install) ignored
[1.390s] Level 1:colcon.colcon_core.package_identification:_identify(log) by extensions ['ignore', 'ignore_ament_install']
[1.391s] Level 1:colcon.colcon_core.package_identification:_identify(log) by extension 'ignore'
[1.393s] Level 1:colcon.colcon_core.package_identification:_identify(log) ignored
[1.399s] Level 1:colcon.colcon_core.package_identification:_identify(src) by extensions ['ignore', 'ignore_ament_install']
[1.399s] Level 1:colcon.colcon_core.package_identification:_identify(src) by extension 'ignore'
[1.401s] Level 1:colcon.colcon_core.package_identification:_identify(src) by extension 'ignore_ament_install'
[1.405s] Level 1:colcon.colcon_core.package_identification:_identify(src) by extensions ['colcon_pkg']
[1.405s] Level 1:colcon.colcon_core.package_identification:_identify(src) by extension 'colcon_pkg'
[1.407s] Level 1:colcon.colcon_core.package_identification:_identify(src) by extensions ['colcon_meta']
[1.408s] Level 1:colcon.colcon_core.package_identification:_identify(src) by extension 'colcon_meta'
[1.410s] Level 1:colcon.colcon_core.package_identification:_identify(src) by extensions ['ros']
[1.411s] Level 1:colcon.colcon_core.package_identification:_identify(src) by extension 'ros'
[1.418s] Level 1:colcon.colcon_core.package_identification:_identify(src) by extensions ['cmake', 'python']
[1.419s] Level 1:colcon.colcon_core.package_identification:_identify(src) by extension 'cmake'
[1.421s] Level 1:colcon.colcon_core.package_identification:_identify(src) by extension 'python'
[1.423s] Level 1:colcon.colcon_core.package_identification:_identify(src) by extensions ['python_setup_py']
[1.424s] Level 1:colcon.colcon_core.package_identification:_identify(src) by extension 'python_setup_py'
[1.434s] Level 1:colcon.colcon_core.package_identification:_identify(src/Pemadam) by extensions ['ignore', 'ignore_ament_install']
[1.434s] Level 1:colcon.colcon_core.package_identification:_identify(src/Pemadam) by extension 'ignore'
[1.437s] Level 1:colcon.colcon_core.package_identification:_identify(src/Pemadam) by extension 'ignore_ament_install'
[1.441s] Level 1:colcon.colcon_core.package_identification:_identify(src/Pemadam) by extensions ['colcon_pkg']
[1.442s] Level 1:colcon.colcon_core.package_identification:_identify(src/Pemadam) by extension 'colcon_pkg'
[1.445s] Level 1:colcon.colcon_core.package_identification:_identify(src/Pemadam) by extensions ['colcon_meta']
[1.445s] Level 1:colcon.colcon_core.package_identification:_identify(src/Pemadam) by extension 'colcon_meta'
[1.450s] Level 1:colcon.colcon_core.package_identification:_identify(src/Pemadam) by extensions ['ros']
[1.451s] Level 1:colcon.colcon_core.package_identification:_identify(src/Pemadam) by extension 'ros'
[1.488s] DEBUG:colcon.colcon_core.package_identification:Package 'src/Pemadam' with type 'ros.ament_cmake' and name 'Pemadam'
[1.489s] Level 1:colcon.colcon_core.package_discovery:discover_packages(recursive) using defaults
[1.489s] Level 1:colcon.colcon_core.package_discovery:discover_packages(ignore) discover
[1.490s] Level 1:colcon.colcon_core.package_discovery:discover_packages(ignore) using defaults
[1.490s] Level 1:colcon.colcon_core.package_discovery:discover_packages(path) discover
[1.491s] Level 1:colcon.colcon_core.package_discovery:discover_packages(path) using defaults
[1.562s] Level 1:colcon.colcon_core.package_discovery:discover_packages(prefix_path) check parameters
[1.563s] Level 1:colcon.colcon_core.package_discovery:discover_packages(prefix_path) discover
[1.580s] DEBUG:colcon.colcon_installed_package_information.package_discovery:Found 273 installed packages in /opt/ros/humble
[1.646s] Level 1:colcon.colcon_core.package_discovery:discover_packages(prefix_path) using defaults
[1.830s] Level 5:colcon.colcon_core.verb:set package 'Pemadam' build argument 'cmake_args' from command line to 'None'
[1.831s] Level 5:colcon.colcon_core.verb:set package 'Pemadam' build argument 'cmake_target' from command line to 'None'
[1.832s] Level 5:colcon.colcon_core.verb:set package 'Pemadam' build argument 'cmake_target_skip_unavailable' from command line to 'False'
[1.832s] Level 5:colcon.colcon_core.verb:set package 'Pemadam' build argument 'cmake_clean_cache' from command line to 'False'
[1.834s] Level 5:colcon.colcon_core.verb:set package 'Pemadam' build argument 'cmake_clean_first' from command line to 'False'
[1.834s] Level 5:colcon.colcon_core.verb:set package 'Pemadam' build argument 'cmake_force_configure' from command line to 'False'
[1.836s] Level 5:colcon.colcon_core.verb:set package 'Pemadam' build argument 'ament_cmake_args' from command line to 'None'
[1.836s] Level 5:colcon.colcon_core.verb:set package 'Pemadam' build argument 'catkin_cmake_args' from command line to 'None'
[1.837s] Level 5:colcon.colcon_core.verb:set package 'Pemadam' build argument 'catkin_skip_building_tests' from command line to 'False'
[1.837s] DEBUG:colcon.colcon_core.verb:Building package 'Pemadam' with the following arguments: {'ament_cmake_args': None, 'build_base': '/mnt/d/ITB/SEMESTER 2/Project/SEKURO/SEKURO_TUGAS_1_IhsanFadhlihAkbar_PROGRAMMING/src/ros_soal_1/ros2_ws/build/Pemadam', 'catkin_cmake_args': None, 'catkin_skip_building_tests': False, 'cmake_args': None, 'cmake_clean_cache': False, 'cmake_clean_first': False, 'cmake_force_configure': False, 'cmake_target': None, 'cmake_target_skip_unavailable': False, 'install_base': '/mnt/d/ITB/SEMESTER 2/Project/SEKURO/SEKURO_TUGAS_1_IhsanFadhlihAkbar_PROGRAMMING/src/ros_soal_1/ros2_ws/install/Pemadam', 'merge_install': False, 'path': '/mnt/d/ITB/SEMESTER 2/Project/SEKURO/SEKURO_TUGAS_1_IhsanFadhlihAkbar_PROGRAMMING/src/ros_soal_1/ros2_ws/src/Pemadam', 'symlink_install': False, 'test_result_base': None}
[1.838s] INFO:colcon.colcon_core.executor:Executing jobs using 'parallel' executor
[1.840s] DEBUG:colcon.colcon_parallel_executor.executor.parallel:run_until_complete
[1.841s] INFO:colcon.colcon_ros.task.ament_cmake.build:Building ROS package in '/mnt/d/ITB/SEMESTER 2/Project/SEKURO/SEKURO_TUGAS_1_IhsanFadhlihAkbar_PROGRAMMING/src/ros_soal_1/ros2_ws/src/Pemadam' with build type 'ament_cmake'
[1.842s] INFO:colcon.colcon_cmake.task.cmake.build:Building CMake package in '/mnt/d/ITB/SEMESTER 2/Project/SEKURO/SEKURO_TUGAS_1_IhsanFadhlihAkbar_PROGRAMMING/src/ros_soal_1/ros2_ws/src/Pemadam'
[1.855s] INFO:colcon.colcon_core.plugin_system:Skipping extension 'colcon_core.shell.bat': Not used on non-Windows systems
[1.856s] INFO:colcon.colcon_core.shell:Skip shell extension 'powershell' for command environment: Not usable outside of PowerShell
[1.857s] DEBUG:colcon.colcon_core.shell:Skip shell extension 'dsv' for command environment
[1.995s] DEBUG:colcon.colcon_core.event_handler.log_command:Invoking command in '/mnt/d/ITB/SEMESTER 2/Project/SEKURO/SEKURO_TUGAS_1_IhsanFadhlihAkbar_PROGRAMMING/src/ros_soal_1/ros2_ws/build/Pemadam': CMAKE_PREFIX_PATH=/opt/ros/humble /usr/bin/cmake /mnt/d/ITB/SEMESTER 2/Project/SEKURO/SEKURO_TUGAS_1_IhsanFadhlihAkbar_PROGRAMMING/src/ros_soal_1/ros2_ws/src/Pemadam -DCMAKE_INSTALL_PREFIX=/mnt/d/ITB/SEMESTER 2/Project/SEKURO/SEKURO_TUGAS_1_IhsanFadhlihAkbar_PROGRAMMING/src/ros_soal_1/ros2_ws/install/Pemadam
[18.087s] DEBUG:colcon.colcon_core.event_handler.log_command:Invoked command in '/mnt/d/ITB/SEMESTER 2/Project/SEKURO/SEKURO_TUGAS_1_IhsanFadhlihAkbar_PROGRAMMING/src/ros_soal_1/ros2_ws/build/Pemadam' returned '1': CMAKE_PREFIX_PATH=/opt/ros/humble /usr/bin/cmake /mnt/d/ITB/SEMESTER 2/Project/SEKURO/SEKURO_TUGAS_1_IhsanFadhlihAkbar_PROGRAMMING/src/ros_soal_1/ros2_ws/src/Pemadam -DCMAKE_INSTALL_PREFIX=/mnt/d/ITB/SEMESTER 2/Project/SEKURO/SEKURO_TUGAS_1_IhsanFadhlihAkbar_PROGRAMMING/src/ros_soal_1/ros2_ws/install/Pemadam
[18.125s] Level 1:colcon.colcon_core.environment:create_environment_scripts_only(Pemadam)
[18.135s] Level 1:colcon.colcon_core.environment:checking '/mnt/d/ITB/SEMESTER 2/Project/SEKURO/SEKURO_TUGAS_1_IhsanFadhlihAkbar_PROGRAMMING/src/ros_soal_1/ros2_ws/install/Pemadam' for CMake module files
[18.149s] Level 1:colcon.colcon_core.environment:checking '/mnt/d/ITB/SEMESTER 2/Project/SEKURO/SEKURO_TUGAS_1_IhsanFadhlihAkbar_PROGRAMMING/src/ros_soal_1/ros2_ws/install/Pemadam' for CMake config files
[18.151s] Level 1:colcon.colcon_core.environment:checking '/mnt/d/ITB/SEMESTER 2/Project/SEKURO/SEKURO_TUGAS_1_IhsanFadhlihAkbar_PROGRAMMING/src/ros_soal_1/ros2_ws/install/Pemadam/bin'
[18.152s] Level 1:colcon.colcon_core.environment:checking '/mnt/d/ITB/SEMESTER 2/Project/SEKURO/SEKURO_TUGAS_1_IhsanFadhlihAkbar_PROGRAMMING/src/ros_soal_1/ros2_ws/install/Pemadam/lib/pkgconfig/Pemadam.pc'
[18.153s] Level 1:colcon.colcon_core.environment:checking '/mnt/d/ITB/SEMESTER 2/Project/SEKURO/SEKURO_TUGAS_1_IhsanFadhlihAkbar_PROGRAMMING/src/ros_soal_1/ros2_ws/install/Pemadam/lib/python3.10/site-packages'
[18.155s] Level 1:colcon.colcon_core.environment:checking '/mnt/d/ITB/SEMESTER 2/Project/SEKURO/SEKURO_TUGAS_1_IhsanFadhlihAkbar_PROGRAMMING/src/ros_soal_1/ros2_ws/install/Pemadam/bin'
[18.156s] INFO:colcon.colcon_core.shell:Creating package script '/mnt/d/ITB/SEMESTER 2/Project/SEKURO/SEKURO_TUGAS_1_IhsanFadhlihAkbar_PROGRAMMING/src/ros_soal_1/ros2_ws/install/Pemadam/share/Pemadam/package.ps1'
[18.173s] INFO:colcon.colcon_core.shell:Creating package descriptor '/mnt/d/ITB/SEMESTER 2/Project/SEKURO/SEKURO_TUGAS_1_IhsanFadhlihAkbar_PROGRAMMING/src/ros_soal_1/ros2_ws/install/Pemadam/share/Pemadam/package.dsv'
[18.187s] INFO:colcon.colcon_core.shell:Creating package script '/mnt/d/ITB/SEMESTER 2/Project/SEKURO/SEKURO_TUGAS_1_IhsanFadhlihAkbar_PROGRAMMING/src/ros_soal_1/ros2_ws/install/Pemadam/share/Pemadam/package.sh'
[18.202s] INFO:colcon.colcon_core.shell:Creating package script '/mnt/d/ITB/SEMESTER 2/Project/SEKURO/SEKURO_TUGAS_1_IhsanFadhlihAkbar_PROGRAMMING/src/ros_soal_1/ros2_ws/install/Pemadam/share/Pemadam/package.bash'
[18.218s] INFO:colcon.colcon_core.shell:Creating package script '/mnt/d/ITB/SEMESTER 2/Project/SEKURO/SEKURO_TUGAS_1_IhsanFadhlihAkbar_PROGRAMMING/src/ros_soal_1/ros2_ws/install/Pemadam/share/Pemadam/package.zsh'
[18.235s] Level 1:colcon.colcon_core.environment:create_file_with_runtime_dependencies(/mnt/d/ITB/SEMESTER 2/Project/SEKURO/SEKURO_TUGAS_1_IhsanFadhlihAkbar_PROGRAMMING/src/ros_soal_1/ros2_ws/install/Pemadam/share/colcon-core/packages/Pemadam)
[18.260s] DEBUG:colcon.colcon_parallel_executor.executor.parallel:closing loop
[18.263s] DEBUG:colcon.colcon_parallel_executor.executor.parallel:loop closed
[18.264s] DEBUG:colcon.colcon_parallel_executor.executor.parallel:run_until_complete finished with '1'
[18.265s] DEBUG:colcon.colcon_core.event_reactor:joining thread
[18.349s] INFO:colcon.colcon_core.plugin_system:Skipping extension 'colcon_notification.desktop_notification.notify_send': Could not find 'notify-send'
[18.350s] INFO:colcon.colcon_core.plugin_system:Skipping extension 'colcon_notification.desktop_notification.terminal_notifier': Not used on non-Darwin systems
[18.350s] INFO:colcon.colcon_core.plugin_system:Skipping extension 'colcon_notification.desktop_notification.win32': Not used on non-Windows systems
[18.350s] INFO:colcon.colcon_notification.desktop_notification:Sending desktop notification using 'notify2'
[18.351s] DEBUG:colcon.colcon_notification.desktop_notification.notify2:Failed to initialize notify2: org.freedesktop.DBus.Error.FileNotFound: Failed to connect to socket /run/user/1000/bus: No such file or directory
[18.351s] DEBUG:colcon.colcon_core.event_reactor:joined thread
[18.352s] INFO:colcon.colcon_core.shell:Creating prefix script '/mnt/d/ITB/SEMESTER 2/Project/SEKURO/SEKURO_TUGAS_1_IhsanFadhlihAkbar_PROGRAMMING/src/ros_soal_1/ros2_ws/install/local_setup.ps1'
[18.358s] INFO:colcon.colcon_core.shell:Creating prefix util module '/mnt/d/ITB/SEMESTER 2/Project/SEKURO/SEKURO_TUGAS_1_IhsanFadhlihAkbar_PROGRAMMING/src/ros_soal_1/ros2_ws/install/_local_setup_util_ps1.py'
[18.365s] INFO:colcon.colcon_core.shell:Creating prefix chain script '/mnt/d/ITB/SEMESTER 2/Project/SEKURO/SEKURO_TUGAS_1_IhsanFadhlihAkbar_PROGRAMMING/src/ros_soal_1/ros2_ws/install/setup.ps1'
[18.373s] INFO:colcon.colcon_core.shell:Creating prefix script '/mnt/d/ITB/SEMESTER 2/Project/SEKURO/SEKURO_TUGAS_1_IhsanFadhlihAkbar_PROGRAMMING/src/ros_soal_1/ros2_ws/install/local_setup.sh'
[18.380s] INFO:colcon.colcon_core.shell:Creating prefix util module '/mnt/d/ITB/SEMESTER 2/Project/SEKURO/SEKURO_TUGAS_1_IhsanFadhlihAkbar_PROGRAMMING/src/ros_soal_1/ros2_ws/install/_local_setup_util_sh.py'
[18.387s] INFO:colcon.colcon_core.shell:Creating prefix chain script '/mnt/d/ITB/SEMESTER 2/Project/SEKURO/SEKURO_TUGAS_1_IhsanFadhlihAkbar_PROGRAMMING/src/ros_soal_1/ros2_ws/install/setup.sh'
[18.395s] INFO:colcon.colcon_core.shell:Creating prefix script '/mnt/d/ITB/SEMESTER 2/Project/SEKURO/SEKURO_TUGAS_1_IhsanFadhlihAkbar_PROGRAMMING/src/ros_soal_1/ros2_ws/install/local_setup.bash'
[18.404s] INFO:colcon.colcon_core.shell:Creating prefix chain script '/mnt/d/ITB/SEMESTER 2/Project/SEKURO/SEKURO_TUGAS_1_IhsanFadhlihAkbar_PROGRAMMING/src/ros_soal_1/ros2_ws/install/setup.bash'
[18.411s] INFO:colcon.colcon_core.shell:Creating prefix script '/mnt/d/ITB/SEMESTER 2/Project/SEKURO/SEKURO_TUGAS_1_IhsanFadhlihAkbar_PROGRAMMING/src/ros_soal_1/ros2_ws/install/local_setup.zsh'
[18.418s] INFO:colcon.colcon_core.shell:Creating prefix chain script '/mnt/d/ITB/SEMESTER 2/Project/SEKURO/SEKURO_TUGAS_1_IhsanFadhlihAkbar_PROGRAMMING/src/ros_soal_1/ros2_ws/install/setup.zsh'
