[100%] Built target fire_truck_node
[100%] Built target fire_detector_node
-- Install configuration: ""
-- Up-to-date: /mnt/d/ITB/SEMESTER 2/Project/SEKURO/SEKURO_TUGAS_1_IhsanFadhlihAkbar_PROGRAMMING/src/ros_soal_1/ros2_ws/install/Pemadam/lib/Pemadam/fire_detector_node
-- Up-to-date: /mnt/d/ITB/SEMESTER 2/Project/SEKURO/SEKURO_TUGAS_1_IhsanFadhlihAkbar_PROGRAMMING/src/ros_soal_1/ros2_ws/install/Pemadam/lib/Pemadam/fire_truck_node
-- Up-to-date: /mnt/d/ITB/SEMESTER 2/Project/SEKURO/SEKURO_TUGAS_1_IhsanFadhlihAkbar_PROGRAMMING/src/ros_soal_1/ros2_ws/install/Pemadam/share/ament_index/resource_index/package_run_dependencies/Pemadam
-- Up-to-date: /mnt/d/ITB/SEMESTER 2/Project/SEKURO/SEKURO_TUGAS_1_IhsanFadhlihAkbar_PROGRAMMING/src/ros_soal_1/ros2_ws/install/Pemadam/share/ament_index/resource_index/parent_prefix_path/Pemadam
-- Up-to-date: /mnt/d/ITB/SEMESTER 2/Project/SEKURO/SEKURO_TUGAS_1_IhsanFadhlihAkbar_PROGRAMMING/src/ros_soal_1/ros2_ws/install/Pemadam/share/Pemadam/environment/ament_prefix_path.sh
-- Up-to-date: /mnt/d/ITB/SEMESTER 2/Project/SEKURO/SEKURO_TUGAS_1_IhsanFadhlihAkbar_PROGRAMMING/src/ros_soal_1/ros2_ws/install/Pemadam/share/Pemadam/environment/ament_prefix_path.dsv
-- Up-to-date: /mnt/d/ITB/SEMESTER 2/Project/SEKURO/SEKURO_TUGAS_1_IhsanFadhlihAkbar_PROGRAMMING/src/ros_soal_1/ros2_ws/install/Pemadam/share/Pemadam/environment/path.sh
-- Up-to-date: /mnt/d/ITB/SEMESTER 2/Project/SEKURO/SEKURO_TUGAS_1_IhsanFadhlihAkbar_PROGRAMMING/src/ros_soal_1/ros2_ws/install/Pemadam/share/Pemadam/environment/path.dsv
-- Up-to-date: /mnt/d/ITB/SEMESTER 2/Project/SEKURO/SEKURO_TUGAS_1_IhsanFadhlihAkbar_PROGRAMMING/src/ros_soal_1/ros2_ws/install/Pemadam/share/Pemadam/local_setup.bash
-- Up-to-date: /mnt/d/ITB/SEMESTER 2/Project/SEKURO/SEKURO_TUGAS_1_IhsanFadhlihAkbar_PROGRAMMING/src/ros_soal_1/ros2_ws/install/Pemadam/share/Pemadam/local_setup.sh
-- Up-to-date: /mnt/d/ITB/SEMESTER 2/Project/SEKURO/SEKURO_TUGAS_1_IhsanFadhlihAkbar_PROGRAMMING/src/ros_soal_1/ros2_ws/install/Pemadam/share/Pemadam/local_setup.zsh
-- Up-to-date: /mnt/d/ITB/SEMESTER 2/Project/SEKURO/SEKURO_TUGAS_1_IhsanFadhlihAkbar_PROGRAMMING/src/ros_soal_1/ros2_ws/install/Pemadam/share/Pemadam/local_setup.dsv
-- Installing: /mnt/d/ITB/SEMESTER 2/Project/SEKURO/SEKURO_TUGAS_1_IhsanFadhlihAkbar_PROGRAMMING/src/ros_soal_1/ros2_ws/install/Pemadam/share/Pemadam/package.dsv
-- Up-to-date: /mnt/d/ITB/SEMESTER 2/Project/SEKURO/SEKURO_TUGAS_1_IhsanFadhlihAkbar_PROGRAMMING/src/ros_soal_1/ros2_ws/install/Pemadam/share/ament_index/resource_index/packages/Pemadam
-- Up-to-date: /mnt/d/ITB/SEMESTER 2/Project/SEKURO/SEKURO_TUGAS_1_IhsanFadhlihAkbar_PROGRAMMING/src/ros_soal_1/ros2_ws/install/Pemadam/share/Pemadam/cmake/PemadamConfig.cmake
-- Up-to-date: /mnt/d/ITB/SEMESTER 2/Project/SEKURO/SEKURO_TUGAS_1_IhsanFadhlihAkbar_PROGRAMMING/src/ros_soal_1/ros2_ws/install/Pemadam/share/Pemadam/cmake/PemadamConfig-version.cmake
-- Up-to-date: /mnt/d/ITB/SEMESTER 2/Project/SEKURO/SEKURO_TUGAS_1_IhsanFadhlihAkbar_PROGRAMMING/src/ros_soal_1/ros2_ws/install/Pemadam/share/Pemadam/package.xml
