-- Found ament_cmake: 1.3.14 (/opt/ros/humble/share/ament_cmake/cmake)
-- Found rclcpp: 16.0.18 (/opt/ros/humble/share/rclcpp/cmake)
-- Found rosidl_generator_c: 3.1.8 (/opt/ros/humble/share/rosidl_generator_c/cmake)
-- Found rosidl_adapter: 3.1.8 (/opt/ros/humble/share/rosidl_adapter/cmake)
-- Found rosidl_generator_cpp: 3.1.8 (/opt/ros/humble/share/rosidl_generator_cpp/cmake)
-- Using all available rosidl_typesupport_c: rosidl_typesupport_fastrtps_c;rosidl_typesupport_introspection_c
-- Using all available rosidl_typesupport_cpp: rosidl_typesupport_fastrtps_cpp;rosidl_typesupport_introspection_cpp
-- Found rmw_implementation_cmake: 6.1.2 (/opt/ros/humble/share/rmw_implementation_cmake/cmake)
-- Found rmw_fastrtps_cpp: 6.2.10 (/opt/ros/humble/share/rmw_fastrtps_cpp/cmake)
-- Using RMW implementation 'rmw_fastrtps_cpp' as default
-- Found ament_lint_auto: 0.12.15 (/opt/ros/humble/share/ament_lint_auto/cmake)
-- Added test 'cppcheck' to perform static code analysis on C / C++ code
-- Configured cppcheck include dirs: 
-- Configured cppcheck exclude dirs and/or files: 
-- Added test 'lint_cmake' to check CMake code style
-- Added test 'uncrustify' to check C / C++ code style
-- Configured uncrustify additional arguments: 
-- Added test 'xmllint' to check XML markup files
-- Configuring done
-- Generating done
-- Build files have been written to: /mnt/d/ITB/SEMESTER 2/Project/SEKURO/SEKURO_TUGAS_1_IhsanFadhlihAkbar_PROGRAMMING/src/ros_soal_1/ros2_ws/build/Pemadam
[ 50%] [32mBuilding CXX object CMakeFiles/fire_truck_node.dir/src/mobil_pemadam.cpp.o[0m
[ 50%] [32mBuilding CXX object CMakeFiles/fire_detector_node.dir/src/pendeteksi_api.cpp.o[0m
[ 75%] [32m[1mLinking CXX executable fire_detector_node[0m
[ 75%] Built target fire_detector_node
[100%] [32m[1mLinking CXX executable fire_truck_node[0m
[100%] Built target fire_truck_node
-- Install configuration: ""
-- Installing: /mnt/d/ITB/SEMESTER 2/Project/SEKURO/SEKURO_TUGAS_1_IhsanFadhlihAkbar_PROGRAMMING/src/ros_soal_1/ros2_ws/install/Pemadam/lib/Pemadam/fire_detector_node
-- Set runtime path of "/mnt/d/ITB/SEMESTER 2/Project/SEKURO/SEKURO_TUGAS_1_IhsanFadhlihAkbar_PROGRAMMING/src/ros_soal_1/ros2_ws/install/Pemadam/lib/Pemadam/fire_detector_node" to ""
-- Installing: /mnt/d/ITB/SEMESTER 2/Project/SEKURO/SEKURO_TUGAS_1_IhsanFadhlihAkbar_PROGRAMMING/src/ros_soal_1/ros2_ws/install/Pemadam/lib/Pemadam/fire_truck_node
-- Set runtime path of "/mnt/d/ITB/SEMESTER 2/Project/SEKURO/SEKURO_TUGAS_1_IhsanFadhlihAkbar_PROGRAMMING/src/ros_soal_1/ros2_ws/install/Pemadam/lib/Pemadam/fire_truck_node" to ""
-- Installing: /mnt/d/ITB/SEMESTER 2/Project/SEKURO/SEKURO_TUGAS_1_IhsanFadhlihAkbar_PROGRAMMING/src/ros_soal_1/ros2_ws/install/Pemadam/share/ament_index/resource_index/package_run_dependencies/Pemadam
-- Installing: /mnt/d/ITB/SEMESTER 2/Project/SEKURO/SEKURO_TUGAS_1_IhsanFadhlihAkbar_PROGRAMMING/src/ros_soal_1/ros2_ws/install/Pemadam/share/ament_index/resource_index/parent_prefix_path/Pemadam
-- Installing: /mnt/d/ITB/SEMESTER 2/Project/SEKURO/SEKURO_TUGAS_1_IhsanFadhlihAkbar_PROGRAMMING/src/ros_soal_1/ros2_ws/install/Pemadam/share/Pemadam/environment/ament_prefix_path.sh
-- Installing: /mnt/d/ITB/SEMESTER 2/Project/SEKURO/SEKURO_TUGAS_1_IhsanFadhlihAkbar_PROGRAMMING/src/ros_soal_1/ros2_ws/install/Pemadam/share/Pemadam/environment/ament_prefix_path.dsv
-- Installing: /mnt/d/ITB/SEMESTER 2/Project/SEKURO/SEKURO_TUGAS_1_IhsanFadhlihAkbar_PROGRAMMING/src/ros_soal_1/ros2_ws/install/Pemadam/share/Pemadam/environment/path.sh
-- Installing: /mnt/d/ITB/SEMESTER 2/Project/SEKURO/SEKURO_TUGAS_1_IhsanFadhlihAkbar_PROGRAMMING/src/ros_soal_1/ros2_ws/install/Pemadam/share/Pemadam/environment/path.dsv
-- Installing: /mnt/d/ITB/SEMESTER 2/Project/SEKURO/SEKURO_TUGAS_1_IhsanFadhlihAkbar_PROGRAMMING/src/ros_soal_1/ros2_ws/install/Pemadam/share/Pemadam/local_setup.bash
-- Installing: /mnt/d/ITB/SEMESTER 2/Project/SEKURO/SEKURO_TUGAS_1_IhsanFadhlihAkbar_PROGRAMMING/src/ros_soal_1/ros2_ws/install/Pemadam/share/Pemadam/local_setup.sh
-- Installing: /mnt/d/ITB/SEMESTER 2/Project/SEKURO/SEKURO_TUGAS_1_IhsanFadhlihAkbar_PROGRAMMING/src/ros_soal_1/ros2_ws/install/Pemadam/share/Pemadam/local_setup.zsh
-- Installing: /mnt/d/ITB/SEMESTER 2/Project/SEKURO/SEKURO_TUGAS_1_IhsanFadhlihAkbar_PROGRAMMING/src/ros_soal_1/ros2_ws/install/Pemadam/share/Pemadam/local_setup.dsv
-- Installing: /mnt/d/ITB/SEMESTER 2/Project/SEKURO/SEKURO_TUGAS_1_IhsanFadhlihAkbar_PROGRAMMING/src/ros_soal_1/ros2_ws/install/Pemadam/share/Pemadam/package.dsv
-- Installing: /mnt/d/ITB/SEMESTER 2/Project/SEKURO/SEKURO_TUGAS_1_IhsanFadhlihAkbar_PROGRAMMING/src/ros_soal_1/ros2_ws/install/Pemadam/share/ament_index/resource_index/packages/Pemadam
-- Installing: /mnt/d/ITB/SEMESTER 2/Project/SEKURO/SEKURO_TUGAS_1_IhsanFadhlihAkbar_PROGRAMMING/src/ros_soal_1/ros2_ws/install/Pemadam/share/Pemadam/cmake/PemadamConfig.cmake
-- Installing: /mnt/d/ITB/SEMESTER 2/Project/SEKURO/SEKURO_TUGAS_1_IhsanFadhlihAkbar_PROGRAMMING/src/ros_soal_1/ros2_ws/install/Pemadam/share/Pemadam/cmake/PemadamConfig-version.cmake
-- Installing: /mnt/d/ITB/SEMESTER 2/Project/SEKURO/SEKURO_TUGAS_1_IhsanFadhlihAkbar_PROGRAMMING/src/ros_soal_1/ros2_ws/install/Pemadam/share/Pemadam/package.xml
